Release 14.7 - xst P.20131013 (nt64)
Copyright (c) 1995-2013 Xilinx, Inc.  All rights reserved.
--> Parameter TMPDIR set to xst/projnav.tmp


Total REAL time to Xst completion: 1.00 secs
Total CPU time to Xst completion: 0.38 secs
 
--> Parameter xsthdpdir set to xst


Total REAL time to Xst completion: 1.00 secs
Total CPU time to Xst completion: 0.38 secs
 
--> Reading design: BancoRegistro.prj

TABLE OF CONTENTS
  1) Synthesis Options Summary
  2) HDL Compilation
  3) Design Hierarchy Analysis
  4) HDL Analysis
  5) HDL Synthesis
     5.1) HDL Synthesis Report
  6) Advanced HDL Synthesis
     6.1) Advanced HDL Synthesis Report
  7) Low Level Synthesis
  8) Partition Report
  9) Final Report
	9.1) Device utilization summary
	9.2) Partition Resource Summary
	9.3) TIMING REPORT


=========================================================================
*                      Synthesis Options Summary                        *
=========================================================================
---- Source Parameters
Input File Name                    : "BancoRegistro.prj"
Input Format                       : mixed
Ignore Synthesis Constraint File   : NO

---- Target Parameters
Output File Name                   : "BancoRegistro"
Output Format                      : NGC
Target Device                      : xc3s1600e-4-fg320

---- Source Options
Top Module Name                    : BancoRegistro
Automatic FSM Extraction           : YES
FSM Encoding Algorithm             : Auto
Safe Implementation                : No
FSM Style                          : LUT
RAM Extraction                     : Yes
RAM Style                          : Auto
ROM Extraction                     : Yes
Mux Style                          : Auto
Decoder Extraction                 : YES
Priority Encoder Extraction        : Yes
Shift Register Extraction          : YES
Logical Shifter Extraction         : YES
XOR Collapsing                     : YES
ROM Style                          : Auto
Mux Extraction                     : Yes
Resource Sharing                   : YES
Asynchronous To Synchronous        : NO
Multiplier Style                   : Auto
Automatic Register Balancing       : No

---- Target Options
Add IO Buffers                     : YES
Global Maximum Fanout              : 100000
Add Generic Clock Buffer(BUFG)     : 24
Register Duplication               : YES
Slice Packing                      : YES
Optimize Instantiated Primitives   : NO
Use Clock Enable                   : Yes
Use Synchronous Set                : Yes
Use Synchronous Reset              : Yes
Pack IO Registers into IOBs        : Auto
Equivalent register Removal        : YES

---- General Options
Optimization Goal                  : Speed
Optimization Effort                : 1
Keep Hierarchy                     : No
Netlist Hierarchy                  : As_Optimized
RTL Output                         : Yes
Global Optimization                : AllClockNets
Read Cores                         : YES
Write Timing Constraints           : NO
Cross Clock Analysis               : NO
Hierarchy Separator                : /
Bus Delimiter                      : <>
Case Specifier                     : Maintain
Slice Utilization Ratio            : 100
BRAM Utilization Ratio             : 100
Verilog 2001                       : YES
Auto BRAM Packing                  : NO
Slice Utilization Ratio Delta      : 5

=========================================================================


=========================================================================
*                          HDL Compilation                              *
=========================================================================
Compiling verilog file "BancoRegistro.v" in library work
Module <BancoRegistro> compiled
No errors in compilation
Analysis of file <"BancoRegistro.prj"> succeeded.
 

=========================================================================
*                     Design Hierarchy Analysis                         *
=========================================================================
Analyzing hierarchy for module <BancoRegistro> in library <work> with parameters.
	BIT_ADDR = "00000000000000000000000000000010"
	BIT_DATO = "00000000000000000000000000000100"
	NREG = "00000000000000000000000000000100"
	RegFILE = "src/Reg16.men"


=========================================================================
*                            HDL Analysis                               *
=========================================================================
Analyzing top module <BancoRegistro>.
	BIT_ADDR = 32'sb00000000000000000000000000000010
	BIT_DATO = 32'sb00000000000000000000000000000100
	NREG = 32'sb00000000000000000000000000000100
	RegFILE = "src/Reg16.men"
Module <BancoRegistro> is correct for synthesis.
 

=========================================================================
*                           HDL Synthesis                               *
=========================================================================

Performing bidirectional port resolution...

Synthesizing Unit <BancoRegistro>.
    Related source file is "BancoRegistro.v".
WARNING:Xst:647 - Input <rst> is never used. This port will be preserved and left unconnected if it belongs to a top-level block or it belongs to a sub-block and the hierarchy of this sub-block is preserved.
    Found 4x4-bit dual-port RAM <Mram_breg> for signal <breg>.
    Found 4x4-bit dual-port RAM <Mram_breg_ren> for signal <breg>.
    Summary:
	inferred   2 RAM(s).
Unit <BancoRegistro> synthesized.


=========================================================================
HDL Synthesis Report

Macro Statistics
# RAMs                                                 : 2
 4x4-bit dual-port RAM                                 : 2

=========================================================================

=========================================================================
*                       Advanced HDL Synthesis                          *
=========================================================================


Synthesizing (advanced) Unit <BancoRegistro>.
INFO:Xst:3218 - HDL ADVISOR - The RAM <Mram_breg> will be implemented on LUTs either because you have described an asynchronous read or because of currently unsupported block RAM features. If you have described an asynchronous read, making it synchronous would allow you to take advantage of available block RAM resources, for optimized device usage and improved timings. Please refer to your documentation for coding guidelines.
    -----------------------------------------------------------------------
    | ram_type           | Distributed                         |          |
    -----------------------------------------------------------------------
    | Port A                                                              |
    |     aspect ratio   | 4-word x 4-bit                      |          |
    |     clkA           | connected to signal <clk>           | rise     |
    |     weA            | connected to signal <RegWrite>      | high     |
    |     addrA          | connected to signal <addrW>         |          |
    |     diA            | connected to signal <datW>          |          |
    -----------------------------------------------------------------------
    | Port B                                                              |
    |     aspect ratio   | 4-word x 4-bit                      |          |
    |     addrB          | connected to signal <addrRa>        |          |
    |     doB            | connected to signal <datOutRa>      |          |
    -----------------------------------------------------------------------
INFO:Xst:3218 - HDL ADVISOR - The RAM <Mram_breg_ren> will be implemented on LUTs either because you have described an asynchronous read or because of currently unsupported block RAM features. If you have described an asynchronous read, making it synchronous would allow you to take advantage of available block RAM resources, for optimized device usage and improved timings. Please refer to your documentation for coding guidelines.
    -----------------------------------------------------------------------
    | ram_type           | Distributed                         |          |
    -----------------------------------------------------------------------
    | Port A                                                              |
    |     aspect ratio   | 4-word x 4-bit                      |          |
    |     clkA           | connected to signal <clk>           | rise     |
    |     weA            | connected to signal <RegWrite>      | high     |
    |     addrA          | connected to signal <addrW>         |          |
    |     diA            | connected to signal <datW>          |          |
    -----------------------------------------------------------------------
    | Port B                                                              |
    |     aspect ratio   | 4-word x 4-bit                      |          |
    |     addrB          | connected to signal <addrRb>        |          |
    |     doB            | connected to signal <datOutRb>      |          |
    -----------------------------------------------------------------------
Unit <BancoRegistro> synthesized (advanced).

=========================================================================
Advanced HDL Synthesis Report

Macro Statistics
# RAMs                                                 : 2
 4x4-bit dual-port distributed RAM                     : 2

=========================================================================

=========================================================================
*                         Low Level Synthesis                           *
=========================================================================

Optimizing unit <BancoRegistro> ...

Mapping all equations...
Building and optimizing final netlist ...
Found area constraint ratio of 100 (+ 5) on block BancoRegistro, actual ratio is 0.

Final Macro Processing ...

=========================================================================
Final Register Report

Found no macro
=========================================================================

=========================================================================
*                           Partition Report                            *
=========================================================================

Partition Implementation Status
-------------------------------

  No Partitions were found in this design.

-------------------------------

=========================================================================
*                            Final Report                               *
=========================================================================
Final Results
RTL Top Level Output File Name     : BancoRegistro.ngr
Top Level Output File Name         : BancoRegistro
Output Format                      : NGC
Optimization Goal                  : Speed
Keep Hierarchy                     : No

Design Statistics
# IOs                              : 21

Cell Usage :
# BELS                             : 1
#      GND                         : 1
# RAMS                             : 8
#      RAM16X1D                    : 8
# Clock Buffers                    : 1
#      BUFGP                       : 1
# IO Buffers                       : 19
#      IBUF                        : 11
#      OBUF                        : 8
=========================================================================

Device utilization summary:
---------------------------

Selected Device : 3s1600efg320-4 

 Number of Slices:                        0  out of  14752     0%  
 Number of 4 input LUTs:                 16  out of  29504     0%  
    Number used as logic:                 0
    Number used as RAMs:                 16
 Number of IOs:                          21
 Number of bonded IOBs:                  20  out of    250     8%  
 Number of GCLKs:                         1  out of     24     4%  

---------------------------
Partition Resource Summary:
---------------------------

  No Partitions were found in this design.

---------------------------


=========================================================================
TIMING REPORT

NOTE: THESE TIMING NUMBERS ARE ONLY A SYNTHESIS ESTIMATE.
      FOR ACCURATE TIMING INFORMATION PLEASE REFER TO THE TRACE REPORT
      GENERATED AFTER PLACE-and-ROUTE.

Clock Information:
------------------
-----------------------------------+------------------------+-------+
Clock Signal                       | Clock buffer(FF name)  | Load  |
-----------------------------------+------------------------+-------+
clk                                | BUFGP                  | 8     |
-----------------------------------+------------------------+-------+

Asynchronous Control Signals Information:
----------------------------------------
No asynchronous control signals found in this design

Timing Summary:
---------------
Speed Grade: -4

   Minimum period: No path found
   Minimum input arrival time before clock: 2.470ns
   Maximum output required time after clock: 5.593ns
   Maximum combinational path delay: 6.201ns

Timing Detail:
--------------
All values displayed in nanoseconds (ns)

=========================================================================
Timing constraint: Default OFFSET IN BEFORE for Clock 'clk'
  Total number of paths / destination ports: 48 / 48
-------------------------------------------------------------------------
Offset:              2.470ns (Levels of Logic = 1)
  Source:            addrW<0> (PAD)
  Destination:       Mram_breg1 (RAM)
  Destination Clock: clk rising

  Data Path: addrW<0> to Mram_breg1
                                Gate     Net
    Cell:in->out      fanout   Delay   Delay  Logical Name (Net Name)
    ----------------------------------------  ------------
     IBUF:I->O            24   1.218   1.252  addrW_0_IBUF (addrW_0_IBUF)
     RAM16X1D:A0               0.000          Mram_breg1
    ----------------------------------------
    Total                      2.470ns (1.218ns logic, 1.252ns route)
                                       (49.3% logic, 50.7% route)

=========================================================================
Timing constraint: Default OFFSET OUT AFTER for Clock 'clk'
  Total number of paths / destination ports: 8 / 8
-------------------------------------------------------------------------
Offset:              5.593ns (Levels of Logic = 1)
  Source:            Mram_breg4 (RAM)
  Destination:       datOutRa<3> (PAD)
  Source Clock:      clk rising

  Data Path: Mram_breg4 to datOutRa<3>
                                Gate     Net
    Cell:in->out      fanout   Delay   Delay  Logical Name (Net Name)
    ----------------------------------------  ------------
     RAM16X1D:WCLK->DPO    1   1.901   0.420  Mram_breg4 (datOutRa_3_OBUF)
     OBUF:I->O                 3.272          datOutRa_3_OBUF (datOutRa<3>)
    ----------------------------------------
    Total                      5.593ns (5.173ns logic, 0.420ns route)
                                       (92.5% logic, 7.5% route)

=========================================================================
Timing constraint: Default path analysis
  Total number of paths / destination ports: 16 / 8
-------------------------------------------------------------------------
Delay:               6.201ns (Levels of Logic = 3)
  Source:            addrRa<0> (PAD)
  Destination:       datOutRa<3> (PAD)

  Data Path: addrRa<0> to datOutRa<3>
                                Gate     Net
    Cell:in->out      fanout   Delay   Delay  Logical Name (Net Name)
    ----------------------------------------  ------------
     IBUF:I->O             4   1.218   0.587  addrRa_0_IBUF (addrRa_0_IBUF)
     RAM16X1D:DPRA0->DPO    1   0.704   0.420  Mram_breg1 (datOutRa_0_OBUF)
     OBUF:I->O                 3.272          datOutRa_0_OBUF (datOutRa<0>)
    ----------------------------------------
    Total                      6.201ns (5.194ns logic, 1.007ns route)
                                       (83.8% logic, 16.2% route)

=========================================================================


Total REAL time to Xst completion: 6.00 secs
Total CPU time to Xst completion: 5.26 secs
 
--> 

Total memory usage is 273840 kilobytes

Number of errors   :    0 (   0 filtered)
Number of warnings :    1 (   0 filtered)
Number of infos    :    2 (   0 filtered)

