Command line:
   BancoRegistro_isim_beh.exe
     -simmode  gui
     -simrunnum  0
     -socket  49679

Thu May 14 17:39:32 2020


 Elaboration Time: 0.0468 sec

 Current Memory Usage: 670.11 Meg

 Total Signals          : 22
 Total Nets             : 34
 Total Signal Drivers   : 7
 Total Blocks           : 2
 Total Primitive Blocks : 2
 Total Processes        : 10
 Total Traceable Variables  : 23
 Total Scalar Nets and Variables : 330
Total Line Count : 24

 Total Simulation Time: 0.0624 sec

 Current Memory Usage: 670.11 Meg

Thu May 14 17:39:38 2020

